生成启动时间为 2018/10/8 21:05:51。
     1>项目“F:\源码\gtest_test\googlemock\gtest\googletest-printers-test.vcxproj”在节点 3 上(Build 个目标)。
     1>ClCompile:
         C:\Program Files (x86)\Microsoft Visual Studio 14.0\VC\bin\CL.exe /c /I"F:\源码\googletest-master\googletest\include" /I"F:\源码\googletest-master\googletest" /Zi /nologo /W4 /WX /Od /Ob0 /Oy- /D WIN32 /D _WINDOWS /D _UNICODE /D UNICODE /D _WIN32 /D STRICT /D WIN32_LEAN_AND_MEAN /D GTEST_HAS_PTHREAD=0 /D _HAS_EXCEPTIONS=1 /D GTEST_LINKED_AS_SHARED_LIBRARY=1 /D "CMAKE_INTDIR=\"Debug\"" /D _UNICODE /D UNICODE /Gm- /EHsc /RTC1 /MDd /GS /fp:precise /Zc:wchar_t /Zc:forScope /Zc:inline /GR /Fo"googletest-printers-test.dir\Debug\\" /Fd"googletest-printers-test.dir\Debug\vc140.pdb" /Gd /TP /wd4251 /wd4275 /wd4702 /analyze- /errorReport:prompt  -J -bigobj "F:\源码\googletest-master\googletest\test\googletest-printers-test.cc"
         googletest-printers-test.cc
     1>F:\源码\googletest-master\googletest\test\googletest-printers-test.cc(923): error C2220: warning treated as error - no 'object' file generated
     1>F:\源码\googletest-master\googletest\test\googletest-printers-test.cc(923): warning C4819: The file contains a character that cannot be represented in the current code page (936). Save the file in Unicode format to prevent data loss
     1>F:\源码\googletest-master\googletest\test\googletest-printers-test.cc(1513): error C2001: newline in constant
     1>F:\源码\googletest-master\googletest\test\googletest-printers-test.cc(1516): error C2001: newline in constant
     1>F:\源码\googletest-master\googletest\test\googletest-printers-test.cc(1558): error C2001: newline in constant
     1>F:\源码\googletest-master\googletest\test\googletest-printers-test.cc(1514): fatal error C1057: unexpected end of file in macro expansion
     1>已完成生成项目“F:\源码\gtest_test\googlemock\gtest\googletest-printers-test.vcxproj”(Build 个目标)的操作 - 失败。

生成失败。

已用时间 00:00:01.15
