生成启动时间为 2018/10/8 21:05:44。
     1>项目“F:\源码\gtest_test\googlemock\gmock-matchers_test.vcxproj”在节点 4 上(Build 个目标)。
     1>ClCompile:
         C:\Program Files (x86)\Microsoft Visual Studio 14.0\VC\bin\CL.exe /c /I"F:\源码\googletest-master\googlemock\include" /I"F:\源码\googletest-master\googlemock" /I"F:\源码\googletest-master\googletest\include" /I"F:\源码\googletest-master\googletest" /Zi /nologo /W4 /WX /Od /Ob0 /Oy- /D WIN32 /D _WINDOWS /D _UNICODE /D UNICODE /D _WIN32 /D STRICT /D WIN32_LEAN_AND_MEAN /D GTEST_HAS_PTHREAD=0 /D _HAS_EXCEPTIONS=1 /D GTEST_LINKED_AS_SHARED_LIBRARY=1 /D "CMAKE_INTDIR=\"Debug\"" /D _UNICODE /D UNICODE /Gm- /EHsc /RTC1 /MDd /GS /fp:precise /Zc:wchar_t /Zc:forScope /Zc:inline /GR /Fo"gmock-matchers_test.dir\Debug\\" /Fd"gmock-matchers_test.dir\Debug\vc140.pdb" /Gd /TP /wd4251 /wd4275 /wd4702 /analyze- /errorReport:prompt  -J -bigobj "F:\源码\googletest-master\googlemock\test\gmock-matchers_test.cc"
         gmock-matchers_test.cc
     1>F:\源码\googletest-master\googlemock\test\gmock-matchers_test.cc(1203): error C2440: 'initializing': cannot convert from 'testing::PolymorphicMatcher<testing::internal::IsNullMatcher>' to 'testing::Matcher<std::function<void (void)>>'
         F:\源码\googletest-master\googlemock\test\gmock-matchers_test.cc(1203): note: No constructor could take the source type, or constructor overload resolution was ambiguous
     1>F:\源码\googletest-master\googlemock\test\gmock-matchers_test.cc(1251): error C2440: 'initializing': cannot convert from 'testing::PolymorphicMatcher<testing::internal::NotNullMatcher>' to 'testing::Matcher<std::function<void (void)>>'
         F:\源码\googletest-master\googlemock\test\gmock-matchers_test.cc(1251): note: No constructor could take the source type, or constructor overload resolution was ambiguous
     1>已完成生成项目“F:\源码\gtest_test\googlemock\gmock-matchers_test.vcxproj”(Build 个目标)的操作 - 失败。

生成失败。

已用时间 00:00:02.93
